<?xml version="1.0" encoding="UTF-8"?>
<!-- Generated by org.testng.reporters.JUnitReportReporter -->
<testsuite hostname="DESKTOP-93U729M" failures="0" tests="1" name="test.Guest_User" time="134.929" errors="0" timestamp="2025-07-11T12:50:29 IST" skipped="0">
  <testcase classname="test.Guest_User" name="play" time="134.929"/>
  <system-out/>
</testsuite> <!-- test.Guest_User -->
