<?xml version="1.0" encoding="UTF-8"?>
<!-- Generated by org.testng.reporters.JUnitReportReporter -->
<testsuite hostname="DESKTOP-93U729M" failures="0" tests="1" name="testScripts.SignInOut" time="9.253" errors="0" timestamp="2025-07-09T12:56:06 IST" skipped="0">
  <testcase classname="testScripts.SignInOut" name="sampleLoginTest" time="9.253"/>
  <system-out/>
</testsuite> <!-- testScripts.SignInOut -->
