<?xml version="1.0" encoding="UTF-8"?>
<!-- Generated by org.testng.reporters.JUnitReportReporter -->
<testsuite hostname="DESKTOP-93U729M" failures="0" tests="1" name="test.TC_001" time="98.000" errors="0" timestamp="2025-07-11T17:58:00 IST" skipped="0">
  <testcase classname="test.TC_001" name="play" time="98.000"/>
  <system-out/>
</testsuite> <!-- test.TC_001 -->
