<?xml version="1.0" encoding="UTF-8"?>
<!-- Generated by org.testng.reporters.JUnitReportReporter -->
<testsuite hostname="DESKTOP-93U729M" failures="0" tests="1" name="test.TC_001" time="50.087" errors="0" timestamp="2025-07-10T14:59:35 IST" skipped="0">
  <testcase classname="test.TC_001" name="play" time="50.087"/>
  <system-out/>
</testsuite> <!-- test.TC_001 -->
