<?xml version="1.0" encoding="UTF-8"?>
<!-- Generated by org.testng.reporters.JUnitReportReporter -->
<testsuite hostname="DESKTOP-93U729M" failures="0" tests="1" name="test.Dfgfd" time="0.600" errors="0" timestamp="2025-07-09T23:52:07 IST" skipped="0">
  <testcase classname="test.Dfgfd" name="print" time="0.600"/>
  <system-out/>
</testsuite> <!-- test.Dfgfd -->
